<?xml version="1.0" encoding="UTF-8"?>
<!-- Generated by org.testng.reporters.JUnitReportReporter -->
<testsuite hostname="DESKTOP-NBAG2P3" failures="0" tests="1" name="seleniumdemo.windowhandle" time="25.504" errors="0" timestamp="17 Oct 2022 15:27:53 GMT">
  <testcase classname="seleniumdemo.windowhandle" name="testcase1" time="25.504"/>
</testsuite> <!-- seleniumdemo.windowhandle -->
